c:\users\agustin\desktop\2019s1_obla1_parte2\debug\vc142.pdb
c:\users\agustin\desktop\2019s1_obla1_parte2\debug\vc142.idb
c:\users\agustin\desktop\2019s1_obla1_parte2\debug\manejadorimpresionprueba.obj
c:\users\agustin\desktop\2019s1_obla1_parte2\debug\manejadorarchivos.obj
c:\users\agustin\desktop\2019s1_obla1_parte2\debug\main.obj
c:\users\agustin\desktop\2019s1_obla1_parte2\debug\listaposimp.obj
c:\users\agustin\desktop\2019s1_obla1_parte2\debug\listaordimp.obj
c:\users\agustin\desktop\2019s1_obla1_parte2\debug\iteradorlistaposimp.obj
c:\users\agustin\desktop\2019s1_obla1_parte2\debug\iteradorlistaordimp.obj
c:\users\agustin\desktop\2019s1_obla1_parte2\debug\interfazdelsistemaimp.obj
c:\users\agustin\desktop\2019s1_obla1_parte2\debug\funcaux.obj
c:\users\agustin\desktop\2019s1_obla1_parte2\debug\filesystem.obj
c:\users\agustin\desktop\2019s1_obla1_parte2\debug\estadisticaprueba.obj
c:\users\agustin\desktop\2019s1_obla1_parte2\debug\directorios.obj
c:\users\agustin\desktop\2019s1_obla1_parte2\debug\directorio.obj
c:\users\agustin\desktop\2019s1_obla1_parte2\debug\conductorpruebaobl2.obj
c:\users\agustin\desktop\2019s1_obla1_parte2\debug\conductorprueba.obj
c:\users\agustin\desktop\2019s1_obla1_parte2\debug\colaimp.obj
c:\users\agustin\desktop\2019s1_obla1_parte2\debug\colaarray.obj
c:\users\agustin\desktop\2019s1_obla1_parte2\debug\cadena.obj
c:\users\agustin\desktop\2019s1_obla1_parte2\debug\asociacion.obj
c:\users\agustin\desktop\2019s1_obla1_parte2\debug\archivo.obj
c:\users\agustin\desktop\2019s1_obla1_parte2\debug\referencia.obj
c:\users\agustin\desktop\2019s1_obla1_parte2\debug\pruebastad.obj
c:\users\agustin\desktop\2019s1_obla1_parte2\debug\pruebaspropias.obj
c:\users\agustin\desktop\2019s1_obla1_parte2\debug\pruebasejemplodeuso.obj
c:\users\agustin\desktop\2019s1_obla1_parte2\debug\pruebascorreccion.obj
c:\users\agustin\desktop\2019s1_obla1_parte2\debug\prueba.obj
c:\users\agustin\desktop\2019s1_obla1_parte2\debug\pilaimp.obj
c:\users\agustin\desktop\2019s1_obla1_parte2\debug\manejadorsalidaprueba.obj
c:\users\agustin\desktop\2019s1_obla1_parte2\debug\aframework.exe
c:\users\agustin\desktop\2019s1_obla1_parte2\debug\aframework.ilk
c:\users\agustin\desktop\2019s1_obla1_parte2\debug\aframework.pdb
c:\users\agustin\desktop\2019s1_obla1_parte2\debug\asociacion.obj.enc
c:\users\agustin\desktop\2019s1_obla1_parte2\debug\directorios.obj.enc
c:\users\agustin\desktop\2019s1_obla1_parte2\debug\filesystem.obj.enc
c:\users\agustin\desktop\2019s1_obla1_parte2\debug\pruebaspropias.obj.enc
c:\users\agustin\desktop\2019s1_obla1_parte2\debug\aframework.tlog\cl.command.1.tlog
c:\users\agustin\desktop\2019s1_obla1_parte2\debug\aframework.tlog\cl.read.1.tlog
c:\users\agustin\desktop\2019s1_obla1_parte2\debug\aframework.tlog\cl.write.1.tlog
c:\users\agustin\desktop\2019s1_obla1_parte2\debug\aframework.tlog\link.command.1.tlog
c:\users\agustin\desktop\2019s1_obla1_parte2\debug\aframework.tlog\link.read.1.tlog
c:\users\agustin\desktop\2019s1_obla1_parte2\debug\aframework.tlog\link.write.1.tlog
